[05-Dec-2024 08:57:44 Europe/Berlin] 2024-12-05 08:57:44 - Iniciando verificación de bingo - Context: []
[05-Dec-2024 08:57:44 Europe/Berlin] 2024-12-05 08:57:44 - JSON recibido - Context: {"input":"{\"id_sala\":\"244\",\"id_jugador\":13,\"numeros_marcados\":[28]}"}
[05-Dec-2024 08:57:44 Europe/Berlin] 2024-12-05 08:57:44 - Datos procesados - Context: {"idSala":"244","idJugador":13,"numerosMarcados":[28]}
[05-Dec-2024 08:57:44 Europe/Berlin] 2024-12-05 08:57:44 - Números sacados obtenidos - Context: {"numerosSacados":[28]}
[05-Dec-2024 08:57:44 Europe/Berlin] 2024-12-05 08:57:44 - Ranking obtenido - Context: {"ranking":[{"nombre_jugador":"brayan_22","aciertos":1},{"nombre_jugador":"bscl","aciertos":1}]}
[05-Dec-2024 08:57:44 Europe/Berlin] 2024-12-05 08:57:44 - Respuesta enviada exitosamente - Context: {"response":{"success":true,"mensaje":"\u00a1Bingo v\u00e1lido!","ranking":[{"nombre_jugador":"brayan_22","aciertos":1},{"nombre_jugador":"bscl","aciertos":1}]}}
[05-Dec-2024 09:02:36 Europe/Berlin] PHP Warning:  Undefined variable $logDir in C:\xampp\htdocs\zombie-bingo\zombie-plash\php\juego\verificarBingo.php on line 19
[05-Dec-2024 09:02:36 Europe/Berlin] PHP Warning:  error_log(/php-errors.log): Failed to open stream: Permission denied in C:\xampp\htdocs\zombie-bingo\zombie-plash\php\juego\verificarBingo.php on line 19
[05-Dec-2024 09:02:36 Europe/Berlin] PHP Warning:  Undefined variable $logDir in C:\xampp\htdocs\zombie-bingo\zombie-plash\php\juego\verificarBingo.php on line 19
[05-Dec-2024 09:02:36 Europe/Berlin] PHP Warning:  error_log(/php-errors.log): Failed to open stream: Permission denied in C:\xampp\htdocs\zombie-bingo\zombie-plash\php\juego\verificarBingo.php on line 19
2024-12-05 09:06:13 - Iniciando verificación de bingo - Context: []
2024-12-05 09:06:13 - JSON recibido - Context: {"input":"{\"id_sala\":\"244\",\"id_jugador\":13,\"numeros_marcados\":[54]}"}
2024-12-05 09:06:13 - Datos procesados - Context: {"idSala":"244","idJugador":13,"numerosMarcados":[54]}
2024-12-05 09:06:13 - Números sacados obtenidos - Context: {"numerosSacados":[2,12,40,42,54,74]}
2024-12-05 09:06:13 - Ranking obtenido - Context: {"ranking":[{"nombre_jugador":"brayan_22","aciertos":6},{"nombre_jugador":"bscl","aciertos":6}]}
2024-12-05 09:11:33 - Iniciando verificación de bingo - Context: []
2024-12-05 09:11:33 - JSON recibido - Context: {"input":"{\"id_sala\":\"244\",\"id_jugador\":13,\"numeros_marcados\":[23]}"}
2024-12-05 09:11:33 - Datos procesados - Context: {"idSala":"244","idJugador":13,"numerosMarcados":[23]}
2024-12-05 09:11:33 - Números sacados obtenidos - Context: {"numerosSacados":[5,16,20,23,26,29,32,38,40,41,45,50,59,60,61,65,69,71,72]}
2024-12-05 09:11:33 - Ranking obtenido - Context: {"ranking":[{"nombre_jugador":"brayan_22","aciertos":19},{"nombre_jugador":"bscl","aciertos":19}]}
2024-12-05 09:11:37 - JSON recibido - Context: {"input":"{\"id_sala\":\"244\"}"}
2024-12-05 09:11:37 - Error de base de datos - Context: {"error":"SQLSTATE[23000]: Integrity constraint violation: 1451 Cannot delete or update a parent row: a foreign key constraint fails (`zombie_plash_bd`.`jugadores_en_sala`, CONSTRAINT `jugadores_en_sala_ibfk_1` FOREIGN KEY (`id_sala`) REFERENCES `salas` (`id_sala`))","trace":"#0 C:\\xampp\\htdocs\\zombie-bingo\\zombie-plash\\php\\juego\\salirSala.php(81): PDOStatement->execute(Array)\n#1 {main}"}
2024-12-05 09:15:09 - Iniciando verificación de bingo - Context: []
2024-12-05 09:15:09 - JSON recibido - Context: {"input":"{\"id_sala\":\"244\",\"id_jugador\":15,\"numeros_marcados\":[56]}"}
2024-12-05 09:15:09 - Datos procesados - Context: {"idSala":"244","idJugador":15,"numerosMarcados":[56]}
2024-12-05 09:15:09 - Números sacados obtenidos - Context: {"numerosSacados":[17,56]}
2024-12-05 09:15:09 - Ranking obtenido - Context: {"ranking":[{"nombre_jugador":"brayan_22","aciertos":2},{"nombre_jugador":"bscl","aciertos":2}]}
2024-12-05 09:15:13 - JSON recibido - Context: {"input":"{\"id_sala\":\"244\"}"}
2024-12-05 09:15:37 - Iniciando verificación de bingo - Context: []
2024-12-05 09:15:37 - JSON recibido - Context: {"input":"{\"id_sala\":\"244\",\"id_jugador\":13,\"numeros_marcados\":[56]}"}
2024-12-05 09:15:37 - Datos procesados - Context: {"idSala":"244","idJugador":13,"numerosMarcados":[56]}
2024-12-05 09:15:37 - Error general - Context: {"error":"No hay n\u00fameros sacados en esta sala","trace":"#0 {main}"}
2024-12-05 09:19:37 - JSON recibido - Context: {"input":"{\"id_sala\":\"244\"}"}
2024-12-05 09:21:21 - Iniciando verificación de bingo - Context: []
2024-12-05 09:21:21 - JSON recibido - Context: {"input":"{\"id_sala\":\"245\",\"id_jugador\":13,\"numeros_marcados\":[51]}"}
2024-12-05 09:21:21 - Datos procesados - Context: {"idSala":"245","idJugador":13,"numerosMarcados":[51]}
2024-12-05 09:21:21 - Números sacados obtenidos - Context: {"numerosSacados":[24,37,45,49,51]}
2024-12-05 09:21:21 - Ranking obtenido - Context: {"ranking":[{"nombre_jugador":"brayan_22","aciertos":5},{"nombre_jugador":"bscl","aciertos":5}]}
2024-12-05 09:21:57 - JSON recibido - Context: {"input":"{\"id_sala\":\"245\"}"}
2024-12-05 09:25:20 - JSON recibido - Context: {"input":"{\"id_sala\":\"245\"}"}
2024-12-05 09:26:44 - Iniciando verificación de bingo - Context: []
2024-12-05 09:26:44 - JSON recibido - Context: {"input":"{\"id_sala\":\"246\",\"id_jugador\":15,\"numeros_marcados\":[29]}"}
2024-12-05 09:26:44 - Datos procesados - Context: {"idSala":"246","idJugador":15,"numerosMarcados":[29]}
2024-12-05 09:26:44 - Números sacados obtenidos - Context: {"numerosSacados":[29,41,55]}
2024-12-05 09:26:44 - Ranking obtenido - Context: {"ranking":[{"nombre_jugador":"brayan_22","aciertos":3},{"nombre_jugador":"bscl","aciertos":3}]}
2024-12-05 09:27:11 - Iniciando verificación de bingo - Context: []
2024-12-05 09:27:11 - JSON recibido - Context: {"input":"{\"id_sala\":\"246\",\"id_jugador\":13,\"numeros_marcados\":[23]}"}
2024-12-05 09:27:11 - Datos procesados - Context: {"idSala":"246","idJugador":13,"numerosMarcados":[23]}
2024-12-05 09:27:11 - Números sacados obtenidos - Context: {"numerosSacados":[3,6,7,17,23,29,36,41,55]}
2024-12-05 09:27:11 - Ranking obtenido - Context: {"ranking":[{"nombre_jugador":"brayan_22","aciertos":9},{"nombre_jugador":"bscl","aciertos":9}]}
2024-12-05 09:27:25 - JSON recibido - Context: {"input":"{\"id_sala\":\"246\"}"}
2024-12-05 09:27:36 - JSON recibido - Context: {"input":"{\"id_sala\":\"246\"}"}
2024-12-05 09:29:28 - Iniciando verificación de bingo - Context: []
2024-12-05 09:29:28 - JSON recibido - Context: {"input":"{\"id_sala\":\"247\",\"id_jugador\":13,\"numeros_marcados\":[5]}"}
2024-12-05 09:29:28 - Datos procesados - Context: {"idSala":"247","idJugador":13,"numerosMarcados":[5]}
2024-12-05 09:29:28 - Números sacados obtenidos - Context: {"numerosSacados":[5,16,70]}
2024-12-05 09:29:28 - Ranking obtenido - Context: {"ranking":[{"nombre_jugador":"brayan_22","aciertos":3},{"nombre_jugador":"bscl","aciertos":3}]}
2024-12-05 09:34:37 - JSON recibido - Context: {"input":"{\"id_sala\":\"247\"}"}
2024-12-05 09:34:40 - JSON recibido - Context: {"input":"{\"id_sala\":\"247\"}"}
2024-12-05 09:36:08 - JSON recibido - Context: {"input":"{\"id_sala\":\"248\"}"}
2024-12-05 09:40:11 - JSON recibido - Context: {"input":"{\"id_sala\":\"249\"}"}
2024-12-05 09:40:13 - JSON recibido - Context: {"input":"{\"id_sala\":\"249\"}"}
2024-12-05 09:43:46 - Iniciando verificación de bingo - Context: []
2024-12-05 09:43:46 - JSON recibido - Context: {"input":"{\"id_sala\":\"250\",\"id_jugador\":14,\"numeros_marcados\":[21]}"}
2024-12-05 09:43:46 - Datos procesados - Context: {"idSala":"250","idJugador":14,"numerosMarcados":[21]}
2024-12-05 09:43:46 - Números sacados obtenidos - Context: {"numerosSacados":[21,30,45]}
2024-12-05 18:21:11 - Iniciando verificación de bingo - Context: []
2024-12-05 18:21:11 - JSON recibido - Context: {"input":"{\"id_sala\":\"251\",\"id_jugador\":15,\"numeros_marcados\":[10,28,37,48,64,8,16,39,51,65,12,24,34,52,74,6,27,42,57,61,14,21,38,54,62]}"}
2024-12-05 18:21:11 - Datos procesados - Context: {"idSala":"251","idJugador":15,"numerosMarcados":[10,28,37,48,64,8,16,39,51,65,12,24,34,52,74,6,27,42,57,61,14,21,38,54,62]}
2024-12-05 18:21:11 - Números sacados obtenidos - Context: {"numerosSacados":[1,2,3,4,5,6,7,8,9,10,11,12,13,14,15,16,17,18,19,20,21,22,23,24,25,26,27,28,29,30,31,32,33,34,35,36,37,38,39,40,41,42,43,44,45,46,47,48,49,50,51,52,53,54,55,56,57,58,59,60,61,62,63,64,65,66,67,68,69,70,71,72,73,74,75]}
2024-12-05 18:36:07 - JSON recibido - Context: {"input":"{\"id_sala\":\"253\"}"}
2024-12-05 18:36:10 - JSON recibido - Context: {"input":"{\"id_sala\":\"253\"}"}
